This file contains any messages produced by compilers while
running configure, to aid debugging if configure makes a mistake.

It was created by BBDB configure 2.36 devo, which was
generated by GNU Autoconf 2.60.  Invocation command line was

  $ ./configure 

## --------- ##
## Platform. ##
## --------- ##

hostname = dm
uname -m = x86_64
uname -r = 2.6.18.2-34-default
uname -s = Linux
uname -v = #1 SMP Mon Nov 27 11:46:27 UTC 2006

/usr/bin/uname -p = unknown
/bin/uname -X     = unknown

/bin/arch              = x86_64
/usr/bin/arch -k       = unknown
/usr/convex/getsysinfo = unknown
/usr/bin/hostinfo      = unknown
/bin/machine           = unknown
/usr/bin/oslevel       = unknown
/bin/universe          = unknown

PATH: /home/dm2/henry/OpenFOAM/ThirdParty/ParaView3.3-cvs/platforms/linux64Gcc/bin
PATH: /home/dm2/henry/OpenFOAM/ThirdParty/cmake-2.4.6/platforms/linux64/bin
PATH: /home/dm2/henry/OpenFOAM/ThirdParty/openmpi-1.2.6/platforms/linux64GccDPOpt/bin
PATH: /home/dm2/henry/OpenFOAM/ThirdParty/gcc-4.3.1/platforms/linux64/bin
PATH: /home/dm2/henry/OpenFOAM/henry-dev/applications/bin/linux64GccDPOpt
PATH: /home/dm2/henry/OpenFOAM/OpenFOAM-dev/applications/bin/linux64GccDPOpt
PATH: /home/dm2/henry/OpenFOAM/OpenFOAM-dev/wmake
PATH: /home/dm2/henry/OpenFOAM/OpenFOAM-dev/bin
PATH: /usr/local/Trolltech/Qt-4.3.4/bin
PATH: /usr/java/jdk1.5.0_15/bin
PATH: /home/dm2/henry/bin
PATH: /home/dm2/henry/bin/linux
PATH: /home/dm2/henry/java/javaview/bin
PATH: /usr/local/bin
PATH: /usr/NX/bin
PATH: /sbin
PATH: /usr/sbin
PATH: /usr/local/sbin
PATH: /usr/bin
PATH: /usr/X11R6/bin
PATH: /bin
PATH: /usr/games
PATH: /opt/gnome/bin
PATH: /opt/kde3/bin
PATH: /home/dm2/henry/pub/CINT/cint7/bin
PATH: /home/dm2/henry/pub/CINT/cint


## ----------- ##
## Core tests. ##
## ----------- ##

configure:1678: checking whether make sets $(MAKE)
configure:1699: result: yes
configure:1752: checking for a BSD-compatible install
configure:1808: result: /usr/bin/install -c
configure:1819: checking whether ln -s works
configure:1823: result: yes
configure:1832: checking for rm
configure:1850: found /bin/rm
configure:1863: result: /bin/rm
configure:1873: checking for grep
configure:1891: found /usr/bin/grep
configure:1904: result: /usr/bin/grep
configure:1913: checking for my keys
configure:1915: result: not found
configure:1923: checking for gtar
configure:1953: result: no
configure:1923: checking for tar
configure:1939: found /bin/tar
configure:1950: result: tar
configure:1962: checking that tar is GNU tar
configure:1969: result: yes
configure:1983: checking for gzip
configure:1999: found /usr/bin/gzip
configure:2010: result: gzip
configure:2036: checking for makeinfo
configure:2052: found /usr/bin/makeinfo
configure:2063: result: makeinfo
configure:2079: checking for texi2dvi
configure:2095: found /usr/bin/texi2dvi
configure:2106: result: texi2dvi
configure:2122: checking for etags
configure:2138: found /usr/local/bin/etags
configure:2149: result: etags
configure:2172: checking for emacs
configure:2190: found /usr/local/bin/emacs
configure:2202: result: /usr/local/bin/emacs
configure:2352: checking checking emacs-type of /usr/local/bin/emacs
configure:2358: result: emacs
configure:2560: creating ./config.status

## ---------------------- ##
## Running config.status. ##
## ---------------------- ##

This file was extended by BBDB config.status 2.36 devo, which was
generated by GNU Autoconf 2.60.  Invocation command line was

  CONFIG_FILES    = 
  CONFIG_HEADERS  = 
  CONFIG_LINKS    = 
  CONFIG_COMMANDS = 
  $ ./config.status 

on dm

config.status:589: creating Makefile
config.status:589: creating lisp/Makefile
config.status:589: creating texinfo/Makefile
config.status:589: creating tex/Makefile
config.status:589: creating utils/Makefile
config.status:589: creating testing/Makefile

## ---------------- ##
## Cache variables. ##
## ---------------- ##

ac_cv_env_build_alias_set=
ac_cv_env_build_alias_value=
ac_cv_env_host_alias_set=
ac_cv_env_host_alias_value=
ac_cv_env_target_alias_set=
ac_cv_env_target_alias_value=
ac_cv_path_EMACS_PROG=/usr/local/bin/emacs
ac_cv_path_GREP=/usr/bin/grep
ac_cv_path_RM=/bin/rm
ac_cv_path_install='/usr/bin/install -c'
ac_cv_prog_COMPRESS=gzip
ac_cv_prog_ETAGS=etags
ac_cv_prog_MAKEINFO=makeinfo
ac_cv_prog_TAR=tar
ac_cv_prog_TEXI2DVI=texi2dvi
ac_cv_prog_make_make_set=yes

## ----------------- ##
## Output variables. ##
## ----------------- ##

BBDB_GNUS='gnus'
BBDB_LOADPATH='./loadpath.el'
BBDB_MHE=''
BBDB_REPORTMAIL=''
BBDB_RMAIL=''
BBDB_SC='bbdb-sc.elc'
BBDB_SRV=''
BBDB_VM=''
COMPEXT='gz'
COMPRESS='gzip --verbose --best'
DEFS='-DPACKAGE_NAME=\"BBDB\" -DPACKAGE_TARNAME=\"bbdb\" -DPACKAGE_VERSION=\"2.36\ devo\" -DPACKAGE_STRING=\"BBDB\ 2.36\ devo\" -DPACKAGE_BUGREPORT=\"bbdb-info@lists.sourceforge.net\"'
ECHO_C=''
ECHO_N='-n'
ECHO_T=''
EMACS_FLAVOR='emacs'
EMACS_PROG='/usr/local/bin/emacs'
ETAGS='etags'
GNUSDIR=''
GREP='/usr/bin/grep'
GREPCONTEXT=''
HUSHMAKE='@'
INSTALL_DATA='${INSTALL} -m 644'
INSTALL_PROGRAM='${INSTALL}'
INSTALL_SCRIPT='${INSTALL}'
LIBOBJS=''
LIBS=''
LINKPATH=''
LN_S='ln -s'
LTLIBOBJS=''
MAKEINFO='makeinfo'
MHEDIR=''
OTHERDIRS=''
PACKAGEDIR='/usr/lib/xemacs/site-packages'
PACKAGE_BUGREPORT='bbdb-info@lists.sourceforge.net'
PACKAGE_NAME='BBDB'
PACKAGE_STRING='BBDB 2.36 devo'
PACKAGE_TARNAME='bbdb'
PACKAGE_VERSION='2.36 devo'
PATH_SEPARATOR=':'
RM='/bin/rm -f'
SET_MAKE=''
SHELL='/bin/sh'
SYMLINKS='no'
TAR='tar'
TEXI2DVI='texi2dvi'
VMDIR=''
bindir='${exec_prefix}/bin'
build_alias=''
datadir='${datarootdir}'
datarootdir='${prefix}/share'
docdir='${datarootdir}/doc/${PACKAGE_TARNAME}'
dvidir='${docdir}'
exec_prefix='${prefix}'
host_alias=''
htmldir='${docdir}'
includedir='${prefix}/include'
infodir='${datarootdir}/info'
libdir='${exec_prefix}/lib'
libexecdir='${exec_prefix}/libexec'
localedir='${datarootdir}/locale'
localstatedir='${prefix}/var'
mandir='${datarootdir}/man'
oldincludedir='/usr/include'
pdfdir='${docdir}'
prefix='/usr/local'
program_transform_name='s,x,x,'
psdir='${docdir}'
sbindir='${exec_prefix}/sbin'
sharedstatedir='${prefix}/com'
sysconfdir='${prefix}/etc'
target_alias=''

## ----------- ##
## confdefs.h. ##
## ----------- ##

#define PACKAGE_NAME "BBDB"
#define PACKAGE_TARNAME "bbdb"
#define PACKAGE_VERSION "2.36 devo"
#define PACKAGE_STRING "BBDB 2.36 devo"
#define PACKAGE_BUGREPORT "bbdb-info@lists.sourceforge.net"

configure: exit 0
