This file contains any messages produced by compilers while
running configure, to aid debugging if configure makes a mistake.

It was created by preview-latex configure 11.84, which was
generated by GNU Autoconf 2.65.  Invocation command line was

  $ ./configure --disable-option-checking --prefix=/home/dm2/henry/.emacs.d/packages/auctex --with-lispdir=/home/dm2/henry/.emacs.d/packages/auctex --with-texmf-dir=/home/dm2/henry/.emacs.d/packages/auctex --with-tex-dir=/home/dm2/henry/.emacs.d/packages/auctex --with-doc-dir=/home/dm2/henry/.emacs.d/packages/auctex --cache-file=/dev/null --srcdir=.

## --------- ##
## Platform. ##
## --------- ##

hostname = dm
uname -m = x86_64
uname -r = 2.6.27.45-0.1-default
uname -s = Linux
uname -v = #1 SMP 2010-02-22 16:49:47 +0100

/usr/bin/uname -p = unknown
/bin/uname -X     = unknown

/bin/arch              = x86_64
/usr/bin/arch -k       = unknown
/usr/convex/getsysinfo = unknown
/usr/bin/hostinfo      = unknown
/bin/machine           = unknown
/usr/bin/oslevel       = unknown
/bin/universe          = unknown

PATH: /home/dm2/henry/OpenFOAM/ThirdParty-1.7.x/platforms/linux64Gcc/paraview-3.8.0/bin
PATH: /home/dm2/henry/OpenFOAM/ThirdParty-1.7.x/platforms/linux64Gcc/openmpi-1.4.1/bin
PATH: /home/dm2/henry/OpenFOAM/ThirdParty-1.7.x/platforms/linux64/gcc-4.4.3/bin
PATH: /home/dm2/henry/OpenFOAM/henry-1.7.x/applications/bin/linux64GccDPOpt
PATH: /home/dm2/henry/OpenFOAM/site/1.7.x/bin/linux64GccDPOpt
PATH: /home/dm2/henry/OpenFOAM/OpenFOAM-1.7.x/applications/bin/linux64GccDPOpt
PATH: /home/dm2/henry/OpenFOAM/OpenFOAM-1.7.x/wmake
PATH: /home/dm2/henry/OpenFOAM/OpenFOAM-1.7.x/bin
PATH: /home/dm2/henry/tex4ht.dir/bin/linux
PATH: /home/dm2/henry/tex4ht.dir/bin/unix
PATH: /home/dm2/henry/tex4ht.dir/bin/ht/unix
PATH: /usr/brlcad/bin
PATH: /usr/java/jdk1.5.0_15/bin
PATH: /home/dm2/henry/.emacs.d/bin
PATH: /home/dm2/henry/bin
PATH: /home/dm2/henry/bin/linux
PATH: /home/dm2/henry/bin/Esh
PATH: /home/dm2/henry/java/javaview/bin
PATH: /usr/local/bin
PATH: /usr/local/firefox
PATH: /usr/NX/bin
PATH: /sbin
PATH: /usr/sbin
PATH: /usr/bin
PATH: /usr/X11R6/bin
PATH: /bin
PATH: /opt/gnome2/bin
PATH: /opt/gnome/bin
PATH: /opt/kde3/bin
PATH: /opt/intel/cce/10.0.023/bin


## ----------- ##
## Core tests. ##
## ----------- ##

configure:1716: checking whether make sets $(MAKE)
configure:1738: result: yes
configure:1784: checking for a BSD-compatible install
configure:1852: result: /usr/bin/install -c
configure:1915: checking for /usr/local/bin/emacs
configure:1945: result: /usr/local/bin/emacs
configure:1961: checking if /usr/local/bin/emacs is XEmacs
/usr/local/bin/emacs -batch -no-site-file -eval (let* ((x (if (featurep (quote xemacs)) "yes" "no"))) (write-region (if (stringp x) x (prin1-to-string x)) nil "./conftest-26068"))
Wrote /home/dm2/henry/.emacs.d/packages/auctex-11.86/preview/conftest-26068
=> no
configure:1981: result: no
configure:1985: checking for Emacs prefix
/usr/local/bin/emacs -batch -no-site-file -eval (let* ((cmd(pop command-line-args-left))(x (condition-case nil (let*
    ((prefix (directory-file-name (file-name-directory (executable-find cmd))))
     (parent (directory-file-name (file-name-directory prefix))))
    (if (string= (file-name-nondirectory prefix) "bin")
        (setq prefix parent)
      (if (string= (file-name-nondirectory parent) "bin")
         (setq prefix (directory-file-name (file-name-directory parent)))))
    prefix) (error NONE)))) (write-region (if (stringp x) x (prin1-to-string x)) nil "./conftest-26068")) /usr/local/bin/emacs
Wrote /home/dm2/henry/.emacs.d/packages/auctex-11.86/preview/conftest-26068
=> /usr/local
configure:2004: result: "/usr/local"
configure:2034: checking if Emacs is recent enough
/usr/local/bin/emacs -batch -no-site-file -eval (let* ((x (cond ((< emacs-major-version 21) "no")
			 ((> emacs-major-version 21) "yes")
			 ((< emacs-minor-version 01) "no")
			 (t "yes")))) (write-region (if (stringp x) x (prin1-to-string x)) nil "./conftest-26068"))
Wrote /home/dm2/henry/.emacs.d/packages/auctex-11.86/preview/conftest-26068
=> yes
configure:2048: result: yes
configure:2086: checking if build directory is valid
/usr/local/bin/emacs -batch -eval (let* ((x (if (or (member (directory-file-name default-directory) load-path)	      (member (file-name-as-directory default-directory) load-path))	 "no" "yes"))) (write-region (if (stringp x) x (prin1-to-string x)) nil "./conftest-26068"))
Wrote /home/dm2/henry/.emacs.d/packages/auctex-11.86/preview/conftest-26068
=> yes
configure:2102: result: yes
configure:2192: checking where lisp files go
configure:2264: result: /home/dm2/henry/.emacs.d/packages/auctex
configure:2268: checking what file to use for preview startup
configure:2295: result: /home/dm2/henry/.emacs.d/packages/auctex/preview-latex.el
configure:2309: checking where the package lisp files go
/usr/local/bin/emacs -batch -no-site-file -eval (let* ((path(pop command-line-args-left)) (lispdir(pop command-line-args-left)) (startup(pop command-line-args-left)) (target(pop command-line-args-left))(x (progn (setq path (directory-file-name path))
  (if (or target
          (not (string= (car load-path) (directory-file-name (car load-path)))))
    (setq path (file-name-as-directory path)))
  (setq path (expand-file-name path lispdir))
  (setq startupdir (file-name-directory (expand-file-name startup lispdir)))
  (prin1-to-string
    (if (or (string-match "\\`\\.\\."
              (setq relname (file-relative-name startupdir lispdir)))
            (file-name-absolute-p relname)
	    (string-match "\\`\\.\\."
              (setq relname (file-relative-name path lispdir)))
 	    (file-name-absolute-p relname))
	  (concat path target)
	(cond (target
	       `(expand-file-name
                   ,(file-relative-name (concat path target) startupdir)
	           (file-name-directory load-file-name)))
              ((string= path startupdir)
	         '(file-name-directory load-file-name))
	      ((string= path (directory-file-name startupdir))
                 '(directory-file-name (file-name-directory load-file-name)))
              (t
	       `(expand-file-name
                   ,(file-relative-name path startupdir)
	           (file-name-directory load-file-name))))))))) (write-region (if (stringp x) x (prin1-to-string x)) nil "./conftest-26068")) /home/dm2/henry/.emacs.d/packages/auctex/auctex /home/dm2/henry/.emacs.d/packages/auctex /home/dm2/henry/.emacs.d/packages/auctex/preview-latex.el
Wrote /home/dm2/henry/.emacs.d/packages/auctex-11.86/preview/conftest-26068
=> (expand-file-name "auctex" (file-name-directory load-file-name))
configure:2390: result: /home/dm2/henry/.emacs.d/packages/auctex/auctex
configure:2393: checking where the data files go
/usr/local/bin/emacs -batch -no-site-file -eval (let* ((path(pop command-line-args-left)) (lispdir(pop command-line-args-left)) (startup(pop command-line-args-left)) (target(pop command-line-args-left))(x (progn (setq path (directory-file-name path))
  (if (or target
          (not (string= (car load-path) (directory-file-name (car load-path)))))
    (setq path (file-name-as-directory path)))
  (setq path (expand-file-name path lispdir))
  (setq startupdir (file-name-directory (expand-file-name startup lispdir)))
  (prin1-to-string
    (if (or (string-match "\\`\\.\\."
              (setq relname (file-relative-name startupdir lispdir)))
            (file-name-absolute-p relname)
	    (string-match "\\`\\.\\."
              (setq relname (file-relative-name path lispdir)))
 	    (file-name-absolute-p relname))
	  (concat path target)
	(cond (target
	       `(expand-file-name
                   ,(file-relative-name (concat path target) startupdir)
	           (file-name-directory load-file-name)))
              ((string= path startupdir)
	         '(file-name-directory load-file-name))
	      ((string= path (directory-file-name startupdir))
                 '(directory-file-name (file-name-directory load-file-name)))
              (t
	       `(expand-file-name
                   ,(file-relative-name path startupdir)
	           (file-name-directory load-file-name))))))))) (write-region (if (stringp x) x (prin1-to-string x)) nil "./conftest-26068")) /home/dm2/henry/.emacs.d/packages/auctex/auctex /home/dm2/henry/.emacs.d/packages/auctex /home/dm2/henry/.emacs.d/packages/auctex/preview-latex.el
Wrote /home/dm2/henry/.emacs.d/packages/auctex-11.86/preview/conftest-26068
=> (expand-file-name "auctex" (file-name-directory load-file-name))
configure:2474: result: /home/dm2/henry/.emacs.d/packages/auctex/auctex
configure:2481: checking for the location of AUCTeX's tex-site.el
configure:2530: result: ..
configure:2541: checking for gs
configure:2557: found /usr/bin/gs
configure:2568: result: gs
/usr/local/bin/emacs -batch -no-site-file -eval (let* ((dir(pop command-line-args-left))(x (if (member dir (list "NONE" (if (eq system-type 'windows-nt) "GSWIN32C.EXE" "gs"))) "" `(defvar preview-gs-command ,dir)))) (write-region (if (stringp x) x (prin1-to-string x)) nil "./conftest-26068")) gs
Wrote /home/dm2/henry/.emacs.d/packages/auctex-11.86/preview/conftest-26068
=> 
configure:2596: checking for latex
configure:2614: found /usr/bin/latex
configure:2627: result: /usr/bin/latex
configure:2643: checking for pdflatex
configure:2661: found /usr/bin/pdflatex
configure:2673: result: /usr/bin/pdflatex
configure:2692: checking for tex
configure:2723: result: /usr/bin/tex
configure:3161: checking for texhash
configure:3179: found /usr/bin/texhash
configure:3191: result: /usr/bin/texhash
configure:3201: checking for initexmf
configure:3228: result: /usr/bin/texhash
configure:3287: checking for glaring installation conflicts
/usr/local/bin/emacs -batch -eval (let* ((packagelispdir(pop command-line-args-left)) (previewstartfile(pop command-line-args-left))(x 
  (concat
    (and (setq tmp (locate-library "preview.elc"))
         (not (string= (file-truename tmp)
	               (file-truename (expand-file-name "preview.elc"
                                      packagelispdir))))
         (format "Conflicting previous installation in `%s' found!\n"
                 (file-name-directory tmp)))
    (and (setq tmp (locate-library "preview-latex.el"))
         (not (string= (file-truename tmp)
                       (file-truename previewstartfile)))
         (format "Conflicting previous startup file `%s' found!\n" tmp))))) (write-region (if (stringp x) x (prin1-to-string x)) nil "./conftest-26068")) /home/dm2/henry/.emacs.d/packages/auctex/auctex /home/dm2/henry/.emacs.d/packages/auctex/preview-latex.el
Wrote /home/dm2/henry/.emacs.d/packages/auctex-11.86/preview/conftest-26068
=> 
configure:3349: result: probably none
configure:3571: creating ./config.status

## ---------------------- ##
## Running config.status. ##
## ---------------------- ##

This file was extended by preview-latex config.status 11.84, which was
generated by GNU Autoconf 2.65.  Invocation command line was

  CONFIG_FILES    = 
  CONFIG_HEADERS  = 
  CONFIG_LINKS    = 
  CONFIG_COMMANDS = 
  $ ./config.status 

on dm

config.status:746: creating Makefile
config.status:746: creating auto.el
config.status:746: creating latex/Makefile

## ---------------- ##
## Cache variables. ##
## ---------------- ##

ac_cv_env_GS_set=
ac_cv_env_GS_value=
ac_cv_env_TEXHASH_set=
ac_cv_env_TEXHASH_value=
ac_cv_env_build_alias_set=
ac_cv_env_build_alias_value=
ac_cv_env_host_alias_set=
ac_cv_env_host_alias_value=
ac_cv_env_target_alias_set=
ac_cv_env_target_alias_value=
ac_cv_path_EMACS=/usr/local/bin/emacs
ac_cv_path_LATEX=/usr/bin/latex
ac_cv_path_PDFLATEX=/usr/bin/pdflatex
ac_cv_path_TEX=/usr/bin/tex
ac_cv_path_TEXHASH=/usr/bin/texhash
ac_cv_path_install='/usr/bin/install -c'
ac_cv_prog_GS=gs
ac_cv_prog_TEXHASH=/usr/bin/texhash
ac_cv_prog_make_make_set=yes

## ----------------- ##
## Output variables. ##
## ----------------- ##

DEFS='-DPACKAGE_NAME=\"preview-latex\" -DPACKAGE_TARNAME=\"preview-latex\" -DPACKAGE_VERSION=\"11.84\" -DPACKAGE_STRING=\"preview-latex\ 11.84\" -DPACKAGE_BUGREPORT=\"bug-auctex@gnu.org\" -DPACKAGE_URL=\"\"'
ECHO_C=''
ECHO_N='-n'
ECHO_T=''
EMACS='/usr/local/bin/emacs'
EMACS_FLAVOR='emacs'
GS='gs'
INSTALL_DATA='${INSTALL} -m 644'
INSTALL_PROGRAM='${INSTALL}'
INSTALL_SCRIPT='${INSTALL}'
LATEX='/usr/bin/latex'
LIBOBJS=''
LIBS=''
LTLIBOBJS=''
PACKAGE_BUGREPORT='bug-auctex@gnu.org'
PACKAGE_NAME='preview-latex'
PACKAGE_STRING='preview-latex 11.84'
PACKAGE_TARNAME='preview-latex'
PACKAGE_URL=''
PACKAGE_VERSION='11.84'
PATH_SEPARATOR=':'
PDFLATEX='/usr/bin/pdflatex'
PLAT_LISP='prv-emacs.el'
SET_MAKE=''
SHELL='/bin/sh'
TEX='/usr/bin/tex'
TEXHASH='/usr/bin/texhash'
TEXMFGEN='preview.sty prauctex.def prauctex.cfg prshowbox.def prshowlabels.def prtracingall.def prtightpage.def prlyx.def prcounters.def prfootnotes.def'
XEMACS='no'
auctexdir='..'
bindir='${exec_prefix}/bin'
build_alias=''
datadir='${datarootdir}'
datarootdir='${prefix}/share'
docdir='${datarootdir}/doc/${PACKAGE_TARNAME}'
dvidir='${docdir}'
exec_prefix='${prefix}'
host_alias=''
htmldir='${docdir}'
includedir='${prefix}/include'
infodir='${datarootdir}/info'
libdir='${exec_prefix}/lib'
libexecdir='${exec_prefix}/libexec'
lispGS=''
lispdir='/home/dm2/henry/.emacs.d/packages/auctex'
lisppackagedatadir='(expand-file-name "auctex" (file-name-directory load-file-name))'
lisppackagelispdir='(expand-file-name "auctex" (file-name-directory load-file-name))'
lisppackagetexstyles=''
localedir='${datarootdir}/locale'
localstatedir='${prefix}/var'
mandir='${datarootdir}/man'
oldincludedir='/usr/include'
packagedatadir='/home/dm2/henry/.emacs.d/packages/auctex/auctex'
packagedir='no'
packagelispdir='/home/dm2/henry/.emacs.d/packages/auctex/auctex'
packagetexstyles=''
pdfdir='${docdir}'
prefix='/home/dm2/henry/.emacs.d/packages/auctex'
previewdocdir='/home/dm2/henry/.emacs.d/packages/auctex'
previewstartfile='/home/dm2/henry/.emacs.d/packages/auctex/preview-latex.el'
previewtexmfdir='/home/dm2/henry/.emacs.d/packages/auctex'
program_transform_name='s,x,x,'
psdir='${docdir}'
sbindir='${exec_prefix}/sbin'
sharedstatedir='${prefix}/com'
sysconfdir='${prefix}/etc'
target_alias=''
texmfdir='/home/dm2/henry/.emacs.d/packages/auctex'

## ----------- ##
## confdefs.h. ##
## ----------- ##

/* confdefs.h */
#define PACKAGE_NAME "preview-latex"
#define PACKAGE_TARNAME "preview-latex"
#define PACKAGE_VERSION "11.84"
#define PACKAGE_STRING "preview-latex 11.84"
#define PACKAGE_BUGREPORT "bug-auctex@gnu.org"
#define PACKAGE_URL ""

configure: exit 0
