This file contains any messages produced by compilers while
running configure, to aid debugging if configure makes a mistake.

It was created by configure, which was
generated by GNU Autoconf 2.63.237-c32b.  Invocation command line was

  $ ./configure --no-create --no-recursion

## --------- ##
## Platform. ##
## --------- ##

hostname = dm
uname -m = x86_64
uname -r = 2.6.27.45-0.1-default
uname -s = Linux
uname -v = #1 SMP 2010-02-22 16:49:47 +0100

/usr/bin/uname -p = unknown
/bin/uname -X     = unknown

/bin/arch              = x86_64
/usr/bin/arch -k       = unknown
/usr/convex/getsysinfo = unknown
/usr/bin/hostinfo      = unknown
/bin/machine           = unknown
/usr/bin/oslevel       = unknown
/bin/universe          = unknown

PATH: /home/dm2/henry/OpenFOAM/ThirdParty-1.7.x/platforms/linux64Gcc/paraview-3.8.0/bin
PATH: /home/dm2/henry/OpenFOAM/ThirdParty-1.7.x/platforms/linux64Gcc/openmpi-1.4.1/bin
PATH: /home/dm2/henry/OpenFOAM/ThirdParty-1.7.x/platforms/linux64/gcc-4.4.3/bin
PATH: /home/dm2/henry/OpenFOAM/henry-1.7.x/applications/bin/linux64GccDPOpt
PATH: /home/dm2/henry/OpenFOAM/site/1.7.x/bin/linux64GccDPOpt
PATH: /home/dm2/henry/OpenFOAM/OpenFOAM-1.7.x/applications/bin/linux64GccDPOpt
PATH: /home/dm2/henry/OpenFOAM/OpenFOAM-1.7.x/wmake
PATH: /home/dm2/henry/OpenFOAM/OpenFOAM-1.7.x/bin
PATH: /home/dm2/henry/tex4ht.dir/bin/linux
PATH: /home/dm2/henry/tex4ht.dir/bin/unix
PATH: /home/dm2/henry/tex4ht.dir/bin/ht/unix
PATH: /usr/brlcad/bin
PATH: /usr/java/jdk1.5.0_15/bin
PATH: /home/dm2/henry/bin
PATH: /home/dm2/henry/bin/linux
PATH: /home/dm2/henry/bin/Esh
PATH: /home/dm2/henry/java/javaview/bin
PATH: /usr/local/bin
PATH: /usr/local/firefox
PATH: /usr/NX/bin
PATH: /sbin
PATH: /usr/sbin
PATH: /usr/bin
PATH: /usr/X11R6/bin
PATH: /bin
PATH: /opt/gnome2/bin
PATH: /opt/gnome/bin
PATH: /opt/kde3/bin
PATH: /opt/intel/cce/10.0.023/bin


## ----------- ##
## Core tests. ##
## ----------- ##

configure:1654: checking whether make sets $(MAKE)
configure:1676: result: yes
configure:1722: checking for a BSD-compatible install
configure:1790: result: /usr/bin/install -c
configure:1803: checking for makeinfo
configure:1819: found /usr/bin/makeinfo
configure:1831: result: makeinfo
configure:1841: checking for texi2dvi
configure:1857: found /usr/bin/texi2dvi
configure:1869: result: texi2dvi
configure:1879: checking for ptex
configure:1907: result: false
configure:1917: checking for jbibtex
configure:1945: result: false
configure:1955: checking for dvipdfmx
configure:1971: found /usr/bin/dvipdfmx
configure:1983: result: dvipdfmx
configure:1993: checking for texi2pdf
configure:2009: found /usr/bin/texi2pdf
configure:2021: result: texi2pdf
configure:2033: checking for egrep
configure:2049: found /usr/bin/egrep
configure:2060: result: egrep
configure:2265: checking for emacs
configure:2283: found /usr/local/bin/emacs
configure:2295: result: /usr/local/bin/emacs
configure:2322: checking what a flavor does /usr/local/bin/emacs have
/usr/local/bin/emacs -q -no-site-file --no-unibyte -batch -eval '(let ((x (if (featurep (quote xemacs))	(if (and	     (condition-case nil		 (progn		   (unless (or itimer-process itimer-timer)		     (itimer-driver-start))		   (let* ((inhibit-quit t)			  (ctime (current-time))			  (itimer-timer-last-wakeup			   (prog1			       ctime			     (setcar ctime (1- (car ctime)))))			  (itimer-list nil)			  (itimer (start-itimer "*testing*"						(function ignore) 5)))		     (sleep-for 0.1)		     (prog1			 (> (itimer-value itimer) 0)		       (delete-itimer itimer))))	       (error nil))	     (string-match	      (concat (vector 94 92 40 63 58 32 43 92 41 42 92 91 92 93))	      (concat (vector 32 91 93)))	     (or (not (executable-find "cat"))		 (with-temp-buffer		   (insert "foo")		   (backward-char)		   (call-process-region (1- (point)) (point) "cat" t t)		   (goto-char (point-min))		   (looking-at "foo"))))	    "XEmacs"	  (let ((v (emacs-version)))	    (if (string-match (char-to-string 41) v)		(substring v 0 (match-end 0))	      "Old XEmacs")))      (concat "Emacs "	      (mapconcat (function identity)			 (nreverse			  (cdr (nreverse				(split-string emacs-version					      (concat (vector 92 46))))))			 "."))))) (write-region (if (stringp x) (princ x) (prin1-to-string x)) nil "./conftest-8937" nil 5))'
Emacs 23.1=> Emacs 23.1
configure:2399: result: Emacs 23.1
configure:2411: checking prefix for /usr/local/bin/emacs
/usr/local/bin/emacs -q -no-site-file --no-unibyte -batch -eval '(let ((x (expand-file-name ".." invocation-directory))) (write-region (if (stringp x) (princ x) (prin1-to-string x)) nil "./conftest-8937" nil 5))'
/usr/local=> /usr/local
configure:2442: result: /usr/local
configure:2450: checking where lisp files should go
configure:2472: result: $(prefix)/share/emacs/site-lisp/w3m/
configure:2634: checking where icon files should go
/usr/local/bin/emacs -q -no-site-file --no-unibyte -batch -eval '(let ((x (let ((prefix "/usr/local")	      (default (expand-file-name "images/w3m" data-directory)))	  (if (and prefix		   (progn		     (setq prefix (file-name-as-directory prefix))		     (eq 0 (string-match (regexp-quote prefix) default))))	      (replace-match "$(prefix)/" nil nil default)	    default)))) (write-region (if (stringp x) (princ x) (prin1-to-string x)) nil "./conftest-8937" nil 5))'
$(prefix)/share/emacs/23.1/etc/images/w3m=> $(prefix)/share/emacs/23.1/etc/images/w3m
configure:2678: result: $(prefix)/share/emacs/23.1/etc/images/w3m
configure:2862: creating ./config.status

## ---------------- ##
## Cache variables. ##
## ---------------- ##

EMACS_cv_SYS_flavor='Emacs 23.1'
EMACS_cv_SYS_icondir='$(prefix)/share/emacs/23.1/etc/images/w3m'
EMACS_cv_SYS_prefix=/usr/local
ac_cv_env_build_alias_set=
ac_cv_env_build_alias_value=
ac_cv_env_host_alias_set=
ac_cv_env_host_alias_value=
ac_cv_env_target_alias_set=
ac_cv_env_target_alias_value=
ac_cv_path_EMACS=/usr/local/bin/emacs
ac_cv_path_install='/usr/bin/install -c'
ac_cv_prog_DVIPDFMX=dvipdfmx
ac_cv_prog_EGREP=egrep
ac_cv_prog_JBIBTEX=false
ac_cv_prog_MAKEINFO=makeinfo
ac_cv_prog_PTEX=false
ac_cv_prog_TEXI2DVI=texi2dvi
ac_cv_prog_TEXI2PDF=texi2pdf
ac_cv_prog_make_make_set=yes

## ----------------- ##
## Output variables. ##
## ----------------- ##

ADDITIONAL_LOAD_PATH='NONE'
DEFS='-DPACKAGE_NAME=\"\" -DPACKAGE_TARNAME=\"\" -DPACKAGE_VERSION=\"\" -DPACKAGE_STRING=\"\" -DPACKAGE_BUGREPORT=\"\"'
DVIPDFMX='dvipdfmx'
ECHO_C=''
ECHO_N='-n'
ECHO_T=''
EGREP='egrep'
EMACS='/usr/local/bin/emacs'
ICONDIR='$(prefix)/share/emacs/23.1/etc/images/w3m'
INSTALL_DATA='${INSTALL} -m 644'
INSTALL_PROGRAM='${INSTALL}'
INSTALL_SCRIPT='${INSTALL}'
JBIBTEX='false'
LIBOBJS=''
LIBS=''
LTLIBOBJS=''
MAKEINFO='makeinfo'
PACKAGEDIR='NONE'
PACKAGE_BUGREPORT=''
PACKAGE_NAME=''
PACKAGE_STRING=''
PACKAGE_TARNAME=''
PACKAGE_VERSION=''
PATH_SEPARATOR=':'
PTEX='false'
SET_MAKE=''
SHELL='/bin/sh'
TEXI2DVI='texi2dvi'
TEXI2PDF='texi2pdf'
VANILLA_FLAG='-q -no-site-file --no-unibyte'
XEMACSDEBUG=''
bindir='${exec_prefix}/bin'
build_alias=''
datadir='${datarootdir}'
datarootdir='${prefix}/share'
docdir='${datarootdir}/doc/${PACKAGE}'
dvidir='${docdir}'
exec_prefix='${prefix}'
host_alias=''
htmldir='${docdir}'
includedir='${prefix}/include'
infodir='${datarootdir}/info'
libdir='${exec_prefix}/lib'
libexecdir='${exec_prefix}/libexec'
lispdir='$(prefix)/share/emacs/site-lisp/w3m'
localedir='${datarootdir}/locale'
localstatedir='${prefix}/var'
mandir='${datarootdir}/man'
oldincludedir='/usr/include'
pdfdir='${docdir}'
prefix='/usr/local'
program_transform_name='s,x,x,'
psdir='${docdir}'
sbindir='${exec_prefix}/sbin'
sharedstatedir='${prefix}/com'
sysconfdir='${prefix}/etc'
target_alias=''

## ----------- ##
## confdefs.h. ##
## ----------- ##

/* confdefs.h */
#define PACKAGE_NAME ""
#define PACKAGE_TARNAME ""
#define PACKAGE_VERSION ""
#define PACKAGE_STRING ""
#define PACKAGE_BUGREPORT ""

configure: exit 0

## ---------------------- ##
## Running config.status. ##
## ---------------------- ##

This file was extended by config.status, which was
generated by GNU Autoconf 2.63.237-c32b.  Invocation command line was

  CONFIG_FILES    = 
  CONFIG_HEADERS  = 
  CONFIG_LINKS    = 
  CONFIG_COMMANDS = 
  $ ./config.status 

on dm

config.status:719: creating Makefile
config.status:719: creating doc/Makefile
