This file contains any messages produced by compilers while
running configure, to aid debugging if configure makes a mistake.

It was created by imaxima-imath configure 1.0b2, which was
generated by GNU Autoconf 2.61.  Invocation command line was

  $ ./configure 

## --------- ##
## Platform. ##
## --------- ##

hostname = dm
uname -m = x86_64
uname -r = 2.6.18.2-34-default
uname -s = Linux
uname -v = #1 SMP Mon Nov 27 11:46:27 UTC 2006

/usr/bin/uname -p = unknown
/bin/uname -X     = unknown

/bin/arch              = x86_64
/usr/bin/arch -k       = unknown
/usr/convex/getsysinfo = unknown
/usr/bin/hostinfo      = unknown
/bin/machine           = unknown
/usr/bin/oslevel       = unknown
/bin/universe          = unknown

PATH: /home/dm2/henry/OpenFOAM/ThirdParty/ParaView3.3-cvs/platforms/linux64Gcc/bin
PATH: /home/dm2/henry/OpenFOAM/ThirdParty/cmake-2.4.6/platforms/linux64/bin
PATH: /home/dm2/henry/OpenFOAM/ThirdParty/openmpi-1.2.8/platforms/linux64GccDPOpt/bin
PATH: /home/dm2/henry/OpenFOAM/ThirdParty/gcc-4.3.2/platforms/linux64/bin
PATH: /home/dm2/henry/OpenFOAM/henry-dev/applications/bin/linux64GccDPOpt
PATH: /home/dm2/henry/OpenFOAM/OpenFOAM-dev/applications/bin/linux64GccDPOpt
PATH: /home/dm2/henry/OpenFOAM/OpenFOAM-dev/wmake
PATH: /home/dm2/henry/OpenFOAM/OpenFOAM-dev/bin
PATH: /usr/local/Trolltech/Qt-4.3.4/bin
PATH: /usr/java/jdk1.5.0_15/bin
PATH: /home/dm2/henry/bin
PATH: /home/dm2/henry/bin/linux
PATH: /home/dm2/henry/java/javaview/bin
PATH: /usr/local/bin
PATH: /usr/NX/bin
PATH: /sbin
PATH: /usr/sbin
PATH: /usr/local/sbin
PATH: /usr/bin
PATH: /usr/X11R6/bin
PATH: /bin
PATH: /usr/games
PATH: /opt/gnome/bin
PATH: /opt/kde3/bin
PATH: /home/dm2/henry/pub/CINT/cint7/bin
PATH: /home/dm2/henry/pub/CINT/cint7


## ----------- ##
## Core tests. ##
## ----------- ##

configure:1707: checking for a BSD-compatible install
configure:1763: result: /usr/bin/install -c
configure:1774: checking whether build environment is sane
configure:1817: result: yes
configure:1845: checking for a thread-safe mkdir -p
configure:1884: result: /bin/mkdir -p
configure:1897: checking for gawk
configure:1913: found /usr/bin/gawk
configure:1924: result: gawk
configure:1935: checking whether make sets $(MAKE)
configure:1956: result: yes
configure:2157: checking for a BSD-compatible install
configure:2213: result: /usr/bin/install -c
configure:2231: checking for emacs
configure:2247: found /usr/local/bin/emacs
configure:2258: result: emacs
configure:2282: checking where .elc files should go
configure:2295: $EMACS -batch -q -eval '(while load-path (princ (concat (car load-path) "\n")) (setq load-path (cdr load-path)))' </dev/null >conftest.out
configure:2298: $? = 0
configure:2311: result: ${datarootdir}/emacs/site-lisp
configure:2451: creating ./config.status

## ---------------------- ##
## Running config.status. ##
## ---------------------- ##

This file was extended by imaxima-imath config.status 1.0b2, which was
generated by GNU Autoconf 2.61.  Invocation command line was

  CONFIG_FILES    = 
  CONFIG_HEADERS  = 
  CONFIG_LINKS    = 
  CONFIG_COMMANDS = 
  $ ./config.status 

on dm

config.status:592: creating Makefile
config.status:592: creating imaxima-autoconf-variables.el

## ---------------- ##
## Cache variables. ##
## ---------------- ##

ac_cv_env_EMACSLOADPATH_set=
ac_cv_env_EMACSLOADPATH_value=
ac_cv_env_EMACS_set=
ac_cv_env_EMACS_value=
ac_cv_env_build_alias_set=
ac_cv_env_build_alias_value=
ac_cv_env_host_alias_set=
ac_cv_env_host_alias_value=
ac_cv_env_target_alias_set=
ac_cv_env_target_alias_value=
ac_cv_path_install='/usr/bin/install -c'
ac_cv_path_mkdir=/bin/mkdir
ac_cv_prog_AWK=gawk
ac_cv_prog_EMACS=emacs
ac_cv_prog_make_make_set=yes
am_cv_lispdir='${datarootdir}/emacs/site-lisp'

## ----------------- ##
## Output variables. ##
## ----------------- ##

ACLOCAL='${SHELL} /home/dm2/henry/.emacs.d/packages/imaxima/missing --run aclocal-1.10'
AMTAR='${SHELL} /home/dm2/henry/.emacs.d/packages/imaxima/missing --run tar'
AUTOCONF='${SHELL} /home/dm2/henry/.emacs.d/packages/imaxima/missing --run autoconf'
AUTOHEADER='${SHELL} /home/dm2/henry/.emacs.d/packages/imaxima/missing --run autoheader'
AUTOMAKE='${SHELL} /home/dm2/henry/.emacs.d/packages/imaxima/missing --run automake-1.10'
AWK='gawk'
CYGPATH_W='echo'
DEFS='-DPACKAGE_NAME=\"imaxima-imath\" -DPACKAGE_TARNAME=\"imaxima-imath\" -DPACKAGE_VERSION=\"1.0b2\" -DPACKAGE_STRING=\"imaxima-imath\ 1.0b2\" -DPACKAGE_BUGREPORT=\"\" -DPACKAGE=\"imaxima-imath\" -DVERSION=\"1.0b2\"'
ECHO_C=''
ECHO_N='-n'
ECHO_T=''
EMACS='emacs'
EMACSLOADPATH=''
INSTALL_DATA='${INSTALL} -m 644'
INSTALL_PROGRAM='${INSTALL}'
INSTALL_SCRIPT='${INSTALL}'
INSTALL_STRIP_PROGRAM='$(install_sh) -c -s'
LIBOBJS=''
LIBS=''
LTLIBOBJS=''
MAKEINFO='${SHELL} /home/dm2/henry/.emacs.d/packages/imaxima/missing --run makeinfo'
PACKAGE='imaxima-imath'
PACKAGE_BUGREPORT=''
PACKAGE_NAME='imaxima-imath'
PACKAGE_STRING='imaxima-imath 1.0b2'
PACKAGE_TARNAME='imaxima-imath'
PACKAGE_VERSION='1.0b2'
PATH_SEPARATOR=':'
SET_MAKE=''
SHELL='/bin/sh'
STRIP=''
VERSION='1.0b2'
am__isrc=''
am__leading_dot='.'
am__tar='${AMTAR} chof - "$$tardir"'
am__untar='${AMTAR} xf -'
bindir='${exec_prefix}/bin'
build_alias=''
datadir='${datarootdir}'
datarootdir='${prefix}/share'
docdir='${datarootdir}/doc/${PACKAGE_TARNAME}'
dvidir='${docdir}'
exec_prefix='${prefix}'
host_alias=''
htmldir='${docdir}'
includedir='${prefix}/include'
infodir='${datarootdir}/info'
install_sh='$(SHELL) /home/dm2/henry/.emacs.d/packages/imaxima/install-sh'
libdir='${exec_prefix}/lib'
libexecdir='${exec_prefix}/libexec'
lispdir='${datarootdir}/emacs/site-lisp'
localedir='${datarootdir}/locale'
localstatedir='${prefix}/var'
mandir='${datarootdir}/man'
mkdir_p='/bin/mkdir -p'
oldincludedir='/usr/include'
pdfdir='${docdir}'
prefix='/usr/local'
program_transform_name='s,x,x,'
psdir='${docdir}'
sbindir='${exec_prefix}/sbin'
sharedstatedir='${prefix}/com'
sysconfdir='${prefix}/etc'
target_alias=''

## ----------- ##
## confdefs.h. ##
## ----------- ##

#define PACKAGE_NAME "imaxima-imath"
#define PACKAGE_TARNAME "imaxima-imath"
#define PACKAGE_VERSION "1.0b2"
#define PACKAGE_STRING "imaxima-imath 1.0b2"
#define PACKAGE_BUGREPORT ""
#define PACKAGE "imaxima-imath"
#define VERSION "1.0b2"

configure: exit 0
